TN:
SF:src\errors\client-error.ts
FN:2,MissingFormalParameter
FNF:1
FNH:1
FNDA:2,MissingFormalParameter
DA:1,1
DA:2,1
DA:3,2
DA:4,2
DA:5,1
LF:5
LH:5
BRDA:2,0,0,2
BRF:1
BRH:1
end_of_record
TN:
SF:src\errors\invalid-arg.ts
FN:2,InvalidArguments
FNF:1
FNH:1
FNDA:2,InvalidArguments
DA:1,1
DA:2,1
DA:3,2
DA:4,2
DA:5,1
LF:5
LH:5
BRDA:2,0,0,2
BRF:1
BRH:1
end_of_record
TN:
SF:src\errors\server-error.ts
FN:2,ServerError
FNF:1
FNH:0
FNDA:0,ServerError
DA:1,1
DA:2,1
DA:3,1
LF:3
LH:3
BRF:0
BRH:0
end_of_record
TN:
SF:src\helpers\http-helper.ts
FN:5,serverError
FN:6,unauthorized
FN:7,errorParameter
FN:8,errorBadRequest
FN:9,success
FNF:5
FNH:1
FNDA:0,serverError
FNDA:0,unauthorized
FNDA:1,errorParameter
FNDA:0,errorBadRequest
FNDA:0,success
DA:1,1
DA:2,1
DA:3,1
DA:4,1
DA:5,1
DA:6,1
DA:7,1
DA:8,1
DA:9,1
DA:10,1
DA:11,1
DA:12,1
DA:13,1
DA:14,1
LF:14
LH:14
BRDA:7,0,0,1
BRF:1
BRH:1
end_of_record
TN:
SF:src\protocols\protocols-http.ts
FN:6,parseUrl
FNF:1
FNH:1
FNDA:5,parseUrl
DA:1,1
DA:2,1
DA:3,1
DA:4,1
DA:5,1
DA:6,1
DA:7,5
DA:8,4
DA:9,4
DA:10,1
LF:10
LH:10
BRDA:6,0,0,5
BRDA:7,1,0,1
BRDA:8,2,0,4
BRF:3
BRH:3
end_of_record
TN:
SF:src\services\roleService.ts
FN:6,create
FN:8,update
FN:14,get
FNF:3
FNH:0
FNDA:0,create
FNDA:0,update
FNDA:0,get
DA:1,1
DA:2,1
DA:3,1
DA:4,1
DA:5,1
DA:6,1
DA:7,1
DA:8,1
DA:9,0
DA:10,0
DA:11,0
DA:12,0
DA:13,1
DA:14,1
DA:15,0
DA:16,0
DA:17,0
DA:18,1
DA:19,1
DA:20,1
LF:20
LH:13
BRF:0
BRH:0
end_of_record
TN:
SF:src\services\userService.ts
FN:11,create
FN:13,update
FN:22,get
FN:32,findEmail
FN:43,findById
FNF:5
FNH:0
FNDA:0,create
FNDA:0,update
FNDA:0,get
FNDA:0,findEmail
FNDA:0,findById
DA:1,1
DA:2,1
DA:3,1
DA:4,1
DA:5,1
DA:6,1
DA:7,1
DA:8,1
DA:9,1
DA:10,1
DA:11,1
DA:12,1
DA:13,1
DA:14,0
DA:15,0
DA:16,0
DA:17,0
DA:18,0
DA:19,0
DA:20,0
DA:21,1
DA:22,1
DA:23,0
DA:24,0
DA:25,0
DA:26,0
DA:27,0
DA:28,0
DA:29,0
DA:30,0
DA:31,1
DA:32,1
DA:33,0
DA:34,0
DA:35,0
DA:36,0
DA:37,0
DA:38,0
DA:39,0
DA:40,0
DA:41,0
DA:42,1
DA:43,1
DA:44,0
DA:45,0
DA:46,0
DA:47,0
DA:48,0
DA:49,0
DA:50,0
DA:51,0
DA:52,0
DA:53,1
DA:54,1
DA:55,1
LF:55
LH:22
BRF:0
BRH:0
end_of_record
